c:\users\alrev\masters\geant4-mc-main\other simulations\bend_test\build\opnovice2.dir\release\trackingaction.obj
c:\users\alrev\masters\geant4-mc-main\other simulations\bend_test\build\opnovice2.dir\release\trackinformation.obj
c:\users\alrev\masters\geant4-mc-main\other simulations\bend_test\build\opnovice2.dir\release\steppingaction.obj
c:\users\alrev\masters\geant4-mc-main\other simulations\bend_test\build\opnovice2.dir\release\runaction.obj
c:\users\alrev\masters\geant4-mc-main\other simulations\bend_test\build\opnovice2.dir\release\run.obj
c:\users\alrev\masters\geant4-mc-main\other simulations\bend_test\build\opnovice2.dir\release\primarygeneratormessenger.obj
c:\users\alrev\masters\geant4-mc-main\other simulations\bend_test\build\opnovice2.dir\release\primarygeneratoraction.obj
c:\users\alrev\masters\geant4-mc-main\other simulations\bend_test\build\opnovice2.dir\release\histomanager.obj
c:\users\alrev\masters\geant4-mc-main\other simulations\bend_test\build\opnovice2.dir\release\eventaction.obj
c:\users\alrev\masters\geant4-mc-main\other simulations\bend_test\build\opnovice2.dir\release\detectormessenger.obj
c:\users\alrev\masters\geant4-mc-main\other simulations\bend_test\build\opnovice2.dir\release\detectorconstruction.obj
c:\users\alrev\masters\geant4-mc-main\other simulations\bend_test\build\opnovice2.dir\release\actioninitialization.obj
c:\users\alrev\masters\geant4-mc-main\other simulations\bend_test\build\opnovice2.dir\release\opnovice2.obj
c:\users\alrev\masters\geant4-mc-main\other simulations\bend_test\build\cmakefiles\generate.stamp
c:\users\alrev\masters\geant4-mc-main\other simulations\bend_test\build\release\opnovice2.exe
c:\users\alrev\masters\geant4-mc-main\other simulations\bend_test\build\opnovice2.dir\release\opnovice2.tlog\cl.command.1.tlog
c:\users\alrev\masters\geant4-mc-main\other simulations\bend_test\build\opnovice2.dir\release\opnovice2.tlog\cl.items.tlog
c:\users\alrev\masters\geant4-mc-main\other simulations\bend_test\build\opnovice2.dir\release\opnovice2.tlog\cl.read.1.tlog
c:\users\alrev\masters\geant4-mc-main\other simulations\bend_test\build\opnovice2.dir\release\opnovice2.tlog\cl.write.1.tlog
c:\users\alrev\masters\geant4-mc-main\other simulations\bend_test\build\opnovice2.dir\release\opnovice2.tlog\custombuild.command.1.tlog
c:\users\alrev\masters\geant4-mc-main\other simulations\bend_test\build\opnovice2.dir\release\opnovice2.tlog\custombuild.read.1.tlog
c:\users\alrev\masters\geant4-mc-main\other simulations\bend_test\build\opnovice2.dir\release\opnovice2.tlog\custombuild.write.1.tlog
c:\users\alrev\masters\geant4-mc-main\other simulations\bend_test\build\opnovice2.dir\release\opnovice2.tlog\link.command.1.tlog
c:\users\alrev\masters\geant4-mc-main\other simulations\bend_test\build\opnovice2.dir\release\opnovice2.tlog\link.read.1.tlog
c:\users\alrev\masters\geant4-mc-main\other simulations\bend_test\build\opnovice2.dir\release\opnovice2.tlog\link.write.1.tlog
