  1>Checking Build System
  CMake is re-running because C:/Users/alrev/Masters/Geant4-MC-main/Other Simulations/bend_test/build/CMakeFiles/generate.stamp is out-of-date.
    the file 'C:/Users/alrev/Masters/Geant4-MC-main/Other Simulations/bend_test/electron.mac'
    is newer than 'C:/Users/alrev/Masters/Geant4-MC-main/Other Simulations/bend_test/build/CMakeFiles/generate.stamp.depend'
    result='-1'
  -- Building for: Visual Studio 17 2022
  -- Selecting Windows SDK version 10.0.22621.0 to target Windows 10.0.22631.
  -- The C compiler identification is MSVC 19.36.32537.0
  -- The CXX compiler identification is MSVC 19.36.32537.0
  -- Detecting C compiler ABI info
  -- Detecting C compiler ABI info - done
  -- Check for working C compiler: C:/Program Files (x86)/Microsoft Visual Studio/2022/BuildTools/VC/Tools/MSVC/14.36.32532/bin/Hostx64/x64/cl.exe - skipped
  -- Detecting C compile features
  -- Detecting C compile features - done
  -- Detecting CXX compiler ABI info
  -- Detecting CXX compiler ABI info - done
  -- Check for working CXX compiler: C:/Program Files (x86)/Microsoft Visual Studio/2022/BuildTools/VC/Tools/MSVC/14.36.32532/bin/Hostx64/x64/cl.exe - skipped
  -- Detecting CXX compile features
  -- Detecting CXX compile features - done
  -- Performing Test CMAKE_HAVE_LIBC_PTHREAD
  -- Performing Test CMAKE_HAVE_LIBC_PTHREAD - Failed
  -- Looking for pthread_create in pthreads
  -- Looking for pthread_create in pthreads - not found
  -- Looking for pthread_create in pthread
  -- Looking for pthread_create in pthread - not found
  -- Found Threads: TRUE  
  -- Found OpenGL: opengl32   
  -- Found Geant4: C:/Users/alrev/Masters/geant4/geant4-v11.1.2/program_files/lib/cmake/Geant4/Geant4Config.cmake (found version "11.1.2") 
  -- Configuring done (5.8s)
  -- Generating done (0.3s)
  -- Build files have been written to: C:/Users/alrev/Masters/Geant4-MC-main/Other Simulations/bend_test/build
